<?xml version="1.0" encoding="UTF-8"?>
<!-- Generated by org.testng.reporters.JUnitReportReporter -->
<testsuite hostname="DESKTOP-QK082SQ" failures="0" tests="1" name="Runner_PKG.Testrunner" time="152.928" errors="0" timestamp="2020-03-28T11:40:15 IST" skipped="0">
  <testcase classname="Runner_PKG.Testrunner" name="feature" time="152.928"/>
</testsuite> <!-- Runner_PKG.Testrunner -->
