<?xml version="1.0" encoding="UTF-8"?>
<!-- Generated by org.testng.reporters.JUnitReportReporter -->
<testsuite hostname="DESKTOP-QK082SQ" failures="0" tests="1" name="Runner_PKG.Testrunner" time="178.190" errors="0" timestamp="2020-03-28T11:59:35 IST" skipped="0">
  <testcase classname="Runner_PKG.Testrunner" name="feature" time="178.190"/>
</testsuite> <!-- Runner_PKG.Testrunner -->
